\BOOKMARK [2][-]{section*.1}{Descripción del seminario}{}% 1
\BOOKMARK [2][-]{section*.2}{Objetivos}{}% 2
\BOOKMARK [2][-]{section*.3}{Metodología}{}% 3
\BOOKMARK [2][-]{section*.6}{Plan\040semanal}{}% 4
\BOOKMARK [3][-]{section*.7}{Martes\04022\040Enero}{section*.6}% 5
\BOOKMARK [3][-]{section*.8}{Martes\04029\040Enero}{section*.6}% 6
\BOOKMARK [3][-]{section*.9}{Martes\04005\040Febrero}{section*.6}% 7
\BOOKMARK [3][-]{section*.10}{Martes\04012\040Febrero}{section*.6}% 8
\BOOKMARK [3][-]{section*.11}{Martes\04019\040Febrero}{section*.6}% 9
\BOOKMARK [3][-]{section*.12}{Martes\04026\040Febrero}{section*.6}% 10
\BOOKMARK [3][-]{section*.13}{Martes\04005\040Marzo}{section*.6}% 11
\BOOKMARK [3][-]{section*.14}{Martes\04012\040Marzo}{section*.6}% 12
\BOOKMARK [3][-]{section*.15}{Martes\04019\040Marzo}{section*.6}% 13
\BOOKMARK [3][-]{section*.16}{Martes\04026\040Marzo}{section*.6}% 14
\BOOKMARK [3][-]{section*.17}{Martes\04002\040Abril}{section*.6}% 15
\BOOKMARK [3][-]{section*.18}{Martes\04009\040Abril}{section*.6}% 16
\BOOKMARK [3][-]{section*.19}{Martes\04016\040Abril}{section*.6}% 17
\BOOKMARK [3][-]{section*.20}{Martes\04023\040Abril}{section*.6}% 18
\BOOKMARK [3][-]{section*.21}{Martes\04030\040Abril}{section*.6}% 19
\BOOKMARK [3][-]{section*.22}{Martes\04007\040Mayo}{section*.6}% 20
\BOOKMARK [3][-]{section*.23}{Martes\04014\040Mayo}{section*.6}% 21
\BOOKMARK [3][-]{section*.24}{Martes\04021\040Mayo}{section*.6}% 22
\BOOKMARK [2][-]{section*.25}{Evaluación}{}% 23
